
*** Running vivado
    with args -log top_ASCII_LUT_0_0.vds -m64 -product Vivado -mode batch -messageDb vivado.pb -notrace -source top_ASCII_LUT_0_0.tcl


ECHO is off.
ECHO is off.

****** Vivado v2023.2 (64-bit)
  **** SW Build 4029153 on Fri Oct 13 20:14:34 MDT 2023
  **** IP Build 4028589 on Sat Oct 14 00:45:43 MDT 2023
  **** SharedData Build 4025554 on Tue Oct 10 17:18:54 MDT 2023
    ** Copyright 1986-2022 Xilinx, Inc. All Rights Reserved.
    ** Copyright 2022-2023 Advanced Micro Devices, Inc. All Rights Reserved.

source top_ASCII_LUT_0_0.tcl -notrace
create_project: Time (s): cpu = 00:00:06 ; elapsed = 00:00:07 . Memory (MB): peak = 512.105 ; gain = 217.809
INFO: [IP_Flow 19-234] Refreshing IP repositories
INFO: [IP_Flow 19-1700] Loaded user IP repository 'j:/Xilinx/Vivado/vivado-library-master'.
INFO: [IP_Flow 19-2313] Loaded Vivado IP repository 'J:/Xilinx/Vivado/2023.2/data/ip'.
INFO: [IP_Flow 19-6924] IPCACHE: Running cache check for IP inst: top_ASCII_LUT_0_0
Command: synth_design -top top_ASCII_LUT_0_0 -part xc7a35tcpg236-1 -incremental_mode off -mode out_of_context
Starting synth_design
Attempting to get a license for feature 'Synthesis' and/or device 'xc7a35t'
INFO: [Common 17-349] Got license for feature 'Synthesis' and/or device 'xc7a35t'
INFO: [Device 21-403] Loading part xc7a35tcpg236-1
INFO: [Synth 8-7079] Multithreading enabled for synth_design using a maximum of 2 processes.
INFO: [Synth 8-7078] Launching helper process for spawning children vivado processes
WARNING: [Common 17-1361] You have specified a new message control rule that is equivalent to an existing rule with attributes ' -id {17-179}  -suppress '. The existing rule will be replaced.
INFO: [Synth 8-7075] Helper process launched with PID 33396
---------------------------------------------------------------------------------
Starting RTL Elaboration : Time (s): cpu = 00:00:04 ; elapsed = 00:00:04 . Memory (MB): peak = 1365.125 ; gain = 438.848
---------------------------------------------------------------------------------
INFO: [Synth 8-638] synthesizing module 'top_ASCII_LUT_0_0' [e:/FPGA/VHDL/Lab Training/UART/UART_LED/UART_LED.gen/sources_1/bd/top/ip/top_ASCII_LUT_0_0/synth/top_ASCII_LUT_0_0.vhd:72]
INFO: [Synth 8-3491] module 'ASCII_LUT' declared at 'E:/FPGA/VHDL/Lab Training/UART/UART_LED/UART_LED.srcs/sources_1/new/ASCII_LUT.vhd:14' bound to instance 'U0' of component 'ASCII_LUT' [e:/FPGA/VHDL/Lab Training/UART/UART_LED/UART_LED.gen/sources_1/bd/top/ip/top_ASCII_LUT_0_0/synth/top_ASCII_LUT_0_0.vhd:105]
INFO: [Synth 8-638] synthesizing module 'ASCII_LUT' [E:/FPGA/VHDL/Lab Training/UART/UART_LED/UART_LED.srcs/sources_1/new/ASCII_LUT.vhd:30]
WARNING: [Synth 8-614] signal 'S_RX_BYTE_OUT' is read in the process but is not in the sensitivity list [E:/FPGA/VHDL/Lab Training/UART/UART_LED/UART_LED.srcs/sources_1/new/ASCII_LUT.vhd:43]
WARNING: [Synth 8-614] signal 'S_TX_BYTE_OUT' is read in the process but is not in the sensitivity list [E:/FPGA/VHDL/Lab Training/UART/UART_LED/UART_LED.srcs/sources_1/new/ASCII_LUT.vhd:127]
WARNING: [Synth 8-614] signal 'S_RX_BYTE_OUT' is read in the process but is not in the sensitivity list [E:/FPGA/VHDL/Lab Training/UART/UART_LED/UART_LED.srcs/sources_1/new/ASCII_LUT.vhd:127]
INFO: [Synth 8-256] done synthesizing module 'ASCII_LUT' (0#1) [E:/FPGA/VHDL/Lab Training/UART/UART_LED/UART_LED.srcs/sources_1/new/ASCII_LUT.vhd:30]
INFO: [Synth 8-256] done synthesizing module 'top_ASCII_LUT_0_0' (0#1) [e:/FPGA/VHDL/Lab Training/UART/UART_LED/UART_LED.gen/sources_1/bd/top/ip/top_ASCII_LUT_0_0/synth/top_ASCII_LUT_0_0.vhd:72]
WARNING: [Synth 8-7129] Port reset in module ASCII_LUT is either unconnected or has no load
---------------------------------------------------------------------------------
Finished RTL Elaboration : Time (s): cpu = 00:00:05 ; elapsed = 00:00:06 . Memory (MB): peak = 1473.000 ; gain = 546.723
---------------------------------------------------------------------------------
---------------------------------------------------------------------------------
Start Handling Custom Attributes
---------------------------------------------------------------------------------
---------------------------------------------------------------------------------
Finished Handling Custom Attributes : Time (s): cpu = 00:00:05 ; elapsed = 00:00:06 . Memory (MB): peak = 1473.000 ; gain = 546.723
---------------------------------------------------------------------------------
---------------------------------------------------------------------------------
Finished RTL Optimization Phase 1 : Time (s): cpu = 00:00:05 ; elapsed = 00:00:06 . Memory (MB): peak = 1473.000 ; gain = 546.723
---------------------------------------------------------------------------------
Netlist sorting complete. Time (s): cpu = 00:00:00 ; elapsed = 00:00:00.001 . Memory (MB): peak = 1473.000 ; gain = 0.000
INFO: [Project 1-570] Preparing netlist for logic optimization

Processing XDC Constraints
Initializing timing engine
Completed Processing XDC Constraints

Netlist sorting complete. Time (s): cpu = 00:00:00 ; elapsed = 00:00:00 . Memory (MB): peak = 1535.062 ; gain = 0.000
INFO: [Project 1-111] Unisim Transformation Summary:
No Unisim elements were transformed.

Access is denied.
Constraint Validation Runtime : Time (s): cpu = 00:00:00 ; elapsed = 00:00:00.012 . Memory (MB): peak = 1535.129 ; gain = 0.066
INFO: [Designutils 20-5008] Incremental synthesis strategy off
---------------------------------------------------------------------------------
Finished Constraint Validation : Time (s): cpu = 00:00:13 ; elapsed = 00:00:13 . Memory (MB): peak = 1535.129 ; gain = 608.852
---------------------------------------------------------------------------------
---------------------------------------------------------------------------------
Start Loading Part and Timing Information
---------------------------------------------------------------------------------
Loading part: xc7a35tcpg236-1
---------------------------------------------------------------------------------
Finished Loading Part and Timing Information : Time (s): cpu = 00:00:13 ; elapsed = 00:00:13 . Memory (MB): peak = 1535.129 ; gain = 608.852
---------------------------------------------------------------------------------
---------------------------------------------------------------------------------
Start Applying 'set_property' XDC Constraints
---------------------------------------------------------------------------------
---------------------------------------------------------------------------------
Finished applying 'set_property' XDC Constraints : Time (s): cpu = 00:00:13 ; elapsed = 00:00:13 . Memory (MB): peak = 1535.129 ; gain = 608.852
---------------------------------------------------------------------------------
---------------------------------------------------------------------------------
Finished RTL Optimization Phase 2 : Time (s): cpu = 00:00:13 ; elapsed = 00:00:14 . Memory (MB): peak = 1535.129 ; gain = 608.852
---------------------------------------------------------------------------------
---------------------------------------------------------------------------------
Start RTL Component Statistics 
---------------------------------------------------------------------------------
Detailed RTL Component Info : 
+---Registers : 
	                8 Bit    Registers := 1     
	                3 Bit    Registers := 1     
	                1 Bit    Registers := 2     
+---Muxes : 
	  16 Input    6 Bit        Muxes := 1     
	   2 Input    6 Bit        Muxes := 1     
	  17 Input    4 Bit        Muxes := 1     
	   2 Input    4 Bit        Muxes := 1     
	  17 Input    3 Bit        Muxes := 1     
	   2 Input    3 Bit        Muxes := 1     
---------------------------------------------------------------------------------
Finished RTL Component Statistics 
---------------------------------------------------------------------------------
---------------------------------------------------------------------------------
Start Part Resource Summary
---------------------------------------------------------------------------------
Part Resources:
DSPs: 90 (col length:60)
BRAMs: 100 (col length: RAMB18 60 RAMB36 30)
---------------------------------------------------------------------------------
Finished Part Resource Summary
---------------------------------------------------------------------------------
---------------------------------------------------------------------------------
Start Cross Boundary and Area Optimization
---------------------------------------------------------------------------------
WARNING: [Synth 8-7080] Parallel synthesis criteria is not met
WARNING: [Synth 8-7129] Port reset in module top_ASCII_LUT_0_0 is either unconnected or has no load
---------------------------------------------------------------------------------
Finished Cross Boundary and Area Optimization : Time (s): cpu = 00:00:14 ; elapsed = 00:00:15 . Memory (MB): peak = 1535.129 ; gain = 608.852
---------------------------------------------------------------------------------
---------------------------------------------------------------------------------
Start Applying XDC Timing Constraints
---------------------------------------------------------------------------------
---------------------------------------------------------------------------------
Finished Applying XDC Timing Constraints : Time (s): cpu = 00:00:18 ; elapsed = 00:00:19 . Memory (MB): peak = 1535.129 ; gain = 608.852
---------------------------------------------------------------------------------
---------------------------------------------------------------------------------
Start Timing Optimization
---------------------------------------------------------------------------------
---------------------------------------------------------------------------------
Finished Timing Optimization : Time (s): cpu = 00:00:18 ; elapsed = 00:00:19 . Memory (MB): peak = 1535.129 ; gain = 608.852
---------------------------------------------------------------------------------
---------------------------------------------------------------------------------
Start Technology Mapping
---------------------------------------------------------------------------------
---------------------------------------------------------------------------------
Finished Technology Mapping : Time (s): cpu = 00:00:18 ; elapsed = 00:00:19 . Memory (MB): peak = 1535.129 ; gain = 608.852
---------------------------------------------------------------------------------
---------------------------------------------------------------------------------
Start IO Insertion
---------------------------------------------------------------------------------
---------------------------------------------------------------------------------
Start Flattening Before IO Insertion
---------------------------------------------------------------------------------
---------------------------------------------------------------------------------
Finished Flattening Before IO Insertion
---------------------------------------------------------------------------------
---------------------------------------------------------------------------------
Start Final Netlist Cleanup
---------------------------------------------------------------------------------
---------------------------------------------------------------------------------
Finished Final Netlist Cleanup
---------------------------------------------------------------------------------
---------------------------------------------------------------------------------
Finished IO Insertion : Time (s): cpu = 00:00:21 ; elapsed = 00:00:22 . Memory (MB): peak = 1535.129 ; gain = 608.852
---------------------------------------------------------------------------------
---------------------------------------------------------------------------------
Start Renaming Generated Instances
---------------------------------------------------------------------------------
---------------------------------------------------------------------------------
Finished Renaming Generated Instances : Time (s): cpu = 00:00:21 ; elapsed = 00:00:22 . Memory (MB): peak = 1535.129 ; gain = 608.852
---------------------------------------------------------------------------------
---------------------------------------------------------------------------------
Start Rebuilding User Hierarchy
---------------------------------------------------------------------------------
---------------------------------------------------------------------------------
Finished Rebuilding User Hierarchy : Time (s): cpu = 00:00:21 ; elapsed = 00:00:22 . Memory (MB): peak = 1535.129 ; gain = 608.852
---------------------------------------------------------------------------------
---------------------------------------------------------------------------------
Start Renaming Generated Ports
---------------------------------------------------------------------------------
---------------------------------------------------------------------------------
Finished Renaming Generated Ports : Time (s): cpu = 00:00:21 ; elapsed = 00:00:22 . Memory (MB): peak = 1535.129 ; gain = 608.852
---------------------------------------------------------------------------------
---------------------------------------------------------------------------------
Start Handling Custom Attributes
---------------------------------------------------------------------------------
---------------------------------------------------------------------------------
Finished Handling Custom Attributes : Time (s): cpu = 00:00:21 ; elapsed = 00:00:22 . Memory (MB): peak = 1535.129 ; gain = 608.852
---------------------------------------------------------------------------------
---------------------------------------------------------------------------------
Start Renaming Generated Nets
---------------------------------------------------------------------------------
---------------------------------------------------------------------------------
Finished Renaming Generated Nets : Time (s): cpu = 00:00:21 ; elapsed = 00:00:22 . Memory (MB): peak = 1535.129 ; gain = 608.852
---------------------------------------------------------------------------------
---------------------------------------------------------------------------------
Start Writing Synthesis Report
---------------------------------------------------------------------------------

Report BlackBoxes: 
+-+--------------+----------+
| |BlackBox name |Instances |
+-+--------------+----------+
+-+--------------+----------+

Report Cell Usage: 
+------+-----+------+
|      |Cell |Count |
+------+-----+------+
|1     |LUT1 |     2|
|2     |LUT2 |     3|
|3     |LUT3 |     5|
|4     |LUT4 |     3|
|5     |LUT5 |     4|
|6     |LUT6 |    11|
|7     |FDRE |    13|
|8     |FDSE |     2|
+------+-----+------+
---------------------------------------------------------------------------------
Finished Writing Synthesis Report : Time (s): cpu = 00:00:21 ; elapsed = 00:00:22 . Memory (MB): peak = 1535.129 ; gain = 608.852
---------------------------------------------------------------------------------
Synthesis finished with 0 errors, 0 critical warnings and 2 warnings.
Synthesis Optimization Runtime : Time (s): cpu = 00:00:15 ; elapsed = 00:00:21 . Memory (MB): peak = 1535.129 ; gain = 546.723
Synthesis Optimization Complete : Time (s): cpu = 00:00:21 ; elapsed = 00:00:22 . Memory (MB): peak = 1535.129 ; gain = 608.852
INFO: [Project 1-571] Translating synthesized netlist
Netlist sorting complete. Time (s): cpu = 00:00:00 ; elapsed = 00:00:00.001 . Memory (MB): peak = 1535.129 ; gain = 0.000
INFO: [Project 1-570] Preparing netlist for logic optimization
INFO: [Opt 31-138] Pushed 0 inverter(s) to 0 load pin(s).
Netlist sorting complete. Time (s): cpu = 00:00:00 ; elapsed = 00:00:00 . Memory (MB): peak = 1535.129 ; gain = 0.000
INFO: [Project 1-111] Unisim Transformation Summary:
No Unisim elements were transformed.

Access is denied.
Synth Design complete | Checksum: 52fe44d6
INFO: [Common 17-83] Releasing license: Synthesis
22 Infos, 7 Warnings, 0 Critical Warnings and 0 Errors encountered.
synth_design completed successfully
synth_design: Time (s): cpu = 00:00:25 ; elapsed = 00:00:26 . Memory (MB): peak = 1535.129 ; gain = 998.383
Write ShapeDB Complete: Time (s): cpu = 00:00:00 ; elapsed = 00:00:00 . Memory (MB): peak = 1535.129 ; gain = 0.000
INFO: [Common 17-1381] The checkpoint 'E:/FPGA/VHDL/Lab Training/UART/UART_LED/UART_LED.runs/top_ASCII_LUT_0_0_synth_1/top_ASCII_LUT_0_0.dcp' has been generated.
INFO: [Coretcl 2-1648] Added synthesis output to IP cache for IP top_ASCII_LUT_0_0, cache-ID = 378edc17667a07d4
Write ShapeDB Complete: Time (s): cpu = 00:00:00 ; elapsed = 00:00:00 . Memory (MB): peak = 1535.129 ; gain = 0.000
INFO: [Common 17-1381] The checkpoint 'E:/FPGA/VHDL/Lab Training/UART/UART_LED/UART_LED.runs/top_ASCII_LUT_0_0_synth_1/top_ASCII_LUT_0_0.dcp' has been generated.
INFO: [runtcl-4] Executing : report_utilization -file top_ASCII_LUT_0_0_utilization_synth.rpt -pb top_ASCII_LUT_0_0_utilization_synth.pb
INFO: [Common 17-206] Exiting Vivado at Wed Sep 10 11:44:54 2025...
